 command line:
   ./jkff_wf_isim_beh.exe
     -intstyle  ise
     -ipchost  localhost
     -ipcport  51769

Sun May 28 16:58:46 2023

Total Line Count : 64

 Elaboration time : 0 sec.

 Estimate current memory usage : 158.433 Meg. 

 Total Signals          : 13
 Total Nets             : 7
 Total Signal Drivers   : 7
 Total Blocks           : 7
 Total Primitive Blocks : 1
 Total Processes        : 5
 Total Traceable Variables  : 0
 Total Scalar Nets and Variables : 7
ntrace select -o on -m / -l this 
ntrace start 
isimrun 1000 ns 
Simulator is doing circuit initialization process.
Finished circuit initialization process.

 Simulation time 0 sec.

 Estimate current memory usage : 164.073 Meg. 

Sun May 28 16:59:42 2023

