 command line:
   ./mux_rtl1_tb_isim_beh.exe
     -intstyle  ise
     -ipchost  localhost
     -ipcport  50475

Sun May 28 14:08:37 2023

Total Line Count : 66

 Elaboration time : 0 sec.

 Estimate current memory usage : 158.683 Meg. 

 Total Signals          : 6
 Total Nets             : 21
 Total Signal Drivers   : 3
 Total Blocks           : 7
 Total Primitive Blocks : 1
 Total Processes        : 2
 Total Traceable Variables  : 0
 Total Scalar Nets and Variables : 21
ntrace select -o on -m / -l this 
ntrace start 
isimrun 1000 ns 
Simulator is doing circuit initialization process.
Finished circuit initialization process.

 Simulation time 0.015625 sec.

 Estimate current memory usage : 164.323 Meg. 

Sun May 28 14:29:53 2023

