 command line:
   ./acnt_wf_isim_beh.exe
     -intstyle  ise
     -ipchost  localhost
     -ipcport  50106

Mon May 29 19:44:13 2023

Total Line Count : 250

 Elaboration time : 0 sec.

 Estimate current memory usage : 158.085 Meg. 

 Total Signals          : 65
 Total Nets             : 37
 Total Signal Drivers   : 29
 Total Blocks           : 15
 Total Primitive Blocks : 8
 Total Processes        : 28
 Total Traceable Variables  : 0
 Total Scalar Nets and Variables : 37
ntrace select -o on -n /acnt_wf/rstn 
ntrace select -o on -n /acnt_wf/en 
ntrace select -o on -n /acnt_wf/cntr 
ntrace start 
isimrun 1000 ns 
Simulator is doing circuit initialization process.
Finished circuit initialization process.

 Simulation time 0 sec.

 Estimate current memory usage : 170.803 Meg. 

Mon May 29 19:44:59 2023

