 command line:
   ./moore_wf_isim_beh.exe
     -intstyle  ise
     -ipchost  localhost
     -ipcport  52295

Sun May 28 18:34:03 2023

Total Line Count : 79

 Elaboration time : 0 sec.

 Estimate current memory usage : 158.712 Meg. 

 Total Signals          : 10
 Total Nets             : 6
 Total Signal Drivers   : 5
 Total Blocks           : 7
 Total Primitive Blocks : 1
 Total Processes        : 5
 Total Traceable Variables  : 0
 Total Scalar Nets and Variables : 6
ntrace select -o on -m / -l this 
ntrace start 
isimrun 1000 ns 
Simulator is doing circuit initialization process.
Finished circuit initialization process.

 Simulation time 0.015625 sec.

 Estimate current memory usage : 164.352 Meg. 

Sun May 28 19:11:04 2023

